{"level":"warn","ts":"2022-10-06T19:03:14.213Z","caller":"server/config.go:314","msg":"WARNING: insecure default parameter value, change this for production!","param":"console.signing_key"}
{"level":"warn","ts":"2022-10-06T19:03:14.213Z","caller":"server/config.go:318","msg":"WARNING: insecure default parameter value, change this for production!","param":"socket.server_key"}
{"level":"warn","ts":"2022-10-06T19:03:14.213Z","caller":"server/config.go:322","msg":"WARNING: insecure default parameter value, change this for production!","param":"session.encryption_key"}
{"level":"warn","ts":"2022-10-06T19:03:14.213Z","caller":"server/config.go:326","msg":"WARNING: insecure default parameter value, change this for production!","param":"session.refresh_encryption_key"}
{"level":"warn","ts":"2022-10-06T19:03:14.214Z","caller":"server/config.go:330","msg":"WARNING: insecure default parameter value, change this for production!","param":"runtime.http_key"}
{"level":"fatal","ts":"2022-10-06T19:03:14.215Z","caller":"server/db.go:73","msg":"Error pinging database","error":"failed to connect to `host=localhost user=root database=nakama`: dial error (dial tcp [::1]:26257: connect: cannot assign requested address)"}
{"level":"warn","ts":"2022-10-06T19:04:51.156Z","caller":"server/config.go:314","msg":"WARNING: insecure default parameter value, change this for production!","param":"console.signing_key"}
{"level":"warn","ts":"2022-10-06T19:04:51.156Z","caller":"server/config.go:318","msg":"WARNING: insecure default parameter value, change this for production!","param":"socket.server_key"}
{"level":"warn","ts":"2022-10-06T19:04:51.157Z","caller":"server/config.go:322","msg":"WARNING: insecure default parameter value, change this for production!","param":"session.encryption_key"}
{"level":"warn","ts":"2022-10-06T19:04:51.157Z","caller":"server/config.go:326","msg":"WARNING: insecure default parameter value, change this for production!","param":"session.refresh_encryption_key"}
{"level":"warn","ts":"2022-10-06T19:04:51.157Z","caller":"server/config.go:330","msg":"WARNING: insecure default parameter value, change this for production!","param":"runtime.http_key"}
{"level":"fatal","ts":"2022-10-06T19:04:51.158Z","caller":"server/db.go:73","msg":"Error pinging database","error":"failed to connect to `host=localhost user=root database=nakama`: dial error (dial tcp [::1]:26257: connect: cannot assign requested address)"}
{"level":"warn","ts":"2022-10-06T19:09:13.178Z","caller":"server/config.go:314","msg":"WARNING: insecure default parameter value, change this for production!","param":"console.signing_key"}
{"level":"warn","ts":"2022-10-06T19:09:13.179Z","caller":"server/config.go:318","msg":"WARNING: insecure default parameter value, change this for production!","param":"socket.server_key"}
{"level":"warn","ts":"2022-10-06T19:09:13.179Z","caller":"server/config.go:322","msg":"WARNING: insecure default parameter value, change this for production!","param":"session.encryption_key"}
{"level":"warn","ts":"2022-10-06T19:09:13.179Z","caller":"server/config.go:326","msg":"WARNING: insecure default parameter value, change this for production!","param":"session.refresh_encryption_key"}
{"level":"warn","ts":"2022-10-06T19:09:13.179Z","caller":"server/config.go:330","msg":"WARNING: insecure default parameter value, change this for production!","param":"runtime.http_key"}
{"level":"fatal","ts":"2022-10-06T19:09:13.180Z","caller":"server/db.go:73","msg":"Error pinging database","error":"failed to connect to `host=localhost user=root database=nakama`: dial error (dial tcp [::1]:26257: connect: cannot assign requested address)"}
{"level":"warn","ts":"2022-10-06T19:15:09.843Z","caller":"server/config.go:314","msg":"WARNING: insecure default parameter value, change this for production!","param":"console.signing_key"}
{"level":"warn","ts":"2022-10-06T19:15:09.844Z","caller":"server/config.go:318","msg":"WARNING: insecure default parameter value, change this for production!","param":"socket.server_key"}
{"level":"warn","ts":"2022-10-06T19:15:09.844Z","caller":"server/config.go:322","msg":"WARNING: insecure default parameter value, change this for production!","param":"session.encryption_key"}
{"level":"warn","ts":"2022-10-06T19:15:09.844Z","caller":"server/config.go:326","msg":"WARNING: insecure default parameter value, change this for production!","param":"session.refresh_encryption_key"}
{"level":"warn","ts":"2022-10-06T19:15:09.844Z","caller":"server/config.go:330","msg":"WARNING: insecure default parameter value, change this for production!","param":"runtime.http_key"}
{"level":"fatal","ts":"2022-10-06T19:15:09.845Z","caller":"server/db.go:73","msg":"Error pinging database","error":"failed to connect to `host=localhost user=root database=nakama`: dial error (dial tcp [::1]:26257: connect: cannot assign requested address)"}
{"level":"warn","ts":"2022-10-06T19:19:55.018Z","caller":"server/config.go:314","msg":"WARNING: insecure default parameter value, change this for production!","param":"console.signing_key"}
{"level":"warn","ts":"2022-10-06T19:19:55.018Z","caller":"server/config.go:318","msg":"WARNING: insecure default parameter value, change this for production!","param":"socket.server_key"}
{"level":"warn","ts":"2022-10-06T19:19:55.018Z","caller":"server/config.go:322","msg":"WARNING: insecure default parameter value, change this for production!","param":"session.encryption_key"}
{"level":"warn","ts":"2022-10-06T19:19:55.018Z","caller":"server/config.go:326","msg":"WARNING: insecure default parameter value, change this for production!","param":"session.refresh_encryption_key"}
{"level":"warn","ts":"2022-10-06T19:19:55.018Z","caller":"server/config.go:330","msg":"WARNING: insecure default parameter value, change this for production!","param":"runtime.http_key"}
{"level":"fatal","ts":"2022-10-06T19:19:55.019Z","caller":"server/db.go:73","msg":"Error pinging database","error":"failed to connect to `host=localhost user=root database=nakama`: dial error (dial tcp [::1]:26257: connect: cannot assign requested address)"}
{"level":"warn","ts":"2022-10-06T19:23:26.664Z","caller":"server/config.go:314","msg":"WARNING: insecure default parameter value, change this for production!","param":"console.signing_key"}
{"level":"warn","ts":"2022-10-06T19:23:26.664Z","caller":"server/config.go:318","msg":"WARNING: insecure default parameter value, change this for production!","param":"socket.server_key"}
{"level":"warn","ts":"2022-10-06T19:23:26.665Z","caller":"server/config.go:322","msg":"WARNING: insecure default parameter value, change this for production!","param":"session.encryption_key"}
{"level":"warn","ts":"2022-10-06T19:23:26.665Z","caller":"server/config.go:326","msg":"WARNING: insecure default parameter value, change this for production!","param":"session.refresh_encryption_key"}
{"level":"warn","ts":"2022-10-06T19:23:26.665Z","caller":"server/config.go:330","msg":"WARNING: insecure default parameter value, change this for production!","param":"runtime.http_key"}
{"level":"fatal","ts":"2022-10-06T19:23:26.666Z","caller":"server/db.go:73","msg":"Error pinging database","error":"failed to connect to `host=localhost user=root database=nakama`: dial error (dial tcp [::1]:26257: connect: cannot assign requested address)"}
{"level":"warn","ts":"2022-10-06T19:25:39.814Z","caller":"server/config.go:314","msg":"WARNING: insecure default parameter value, change this for production!","param":"console.signing_key"}
{"level":"warn","ts":"2022-10-06T19:25:39.814Z","caller":"server/config.go:318","msg":"WARNING: insecure default parameter value, change this for production!","param":"socket.server_key"}
{"level":"warn","ts":"2022-10-06T19:25:39.814Z","caller":"server/config.go:322","msg":"WARNING: insecure default parameter value, change this for production!","param":"session.encryption_key"}
{"level":"warn","ts":"2022-10-06T19:25:39.815Z","caller":"server/config.go:326","msg":"WARNING: insecure default parameter value, change this for production!","param":"session.refresh_encryption_key"}
{"level":"warn","ts":"2022-10-06T19:25:39.815Z","caller":"server/config.go:330","msg":"WARNING: insecure default parameter value, change this for production!","param":"runtime.http_key"}
{"level":"fatal","ts":"2022-10-06T19:25:39.816Z","caller":"server/db.go:73","msg":"Error pinging database","error":"failed to connect to `host=localhost user=root database=nakama`: dial error (dial tcp [::1]:26257: connect: cannot assign requested address)"}
{"level":"warn","ts":"2022-10-06T19:35:58.530Z","caller":"server/config.go:314","msg":"WARNING: insecure default parameter value, change this for production!","param":"console.signing_key"}
{"level":"warn","ts":"2022-10-06T19:35:58.531Z","caller":"server/config.go:318","msg":"WARNING: insecure default parameter value, change this for production!","param":"socket.server_key"}
{"level":"warn","ts":"2022-10-06T19:35:58.531Z","caller":"server/config.go:322","msg":"WARNING: insecure default parameter value, change this for production!","param":"session.encryption_key"}
{"level":"warn","ts":"2022-10-06T19:35:58.531Z","caller":"server/config.go:326","msg":"WARNING: insecure default parameter value, change this for production!","param":"session.refresh_encryption_key"}
{"level":"warn","ts":"2022-10-06T19:35:58.531Z","caller":"server/config.go:330","msg":"WARNING: insecure default parameter value, change this for production!","param":"runtime.http_key"}
{"level":"fatal","ts":"2022-10-06T19:35:58.532Z","caller":"server/db.go:73","msg":"Error pinging database","error":"failed to connect to `host=localhost user=root database=nakama`: dial error (dial tcp [::1]:26257: connect: cannot assign requested address)"}
{"level":"warn","ts":"2022-10-06T19:36:22.244Z","caller":"server/config.go:314","msg":"WARNING: insecure default parameter value, change this for production!","param":"console.signing_key"}
{"level":"warn","ts":"2022-10-06T19:36:22.244Z","caller":"server/config.go:318","msg":"WARNING: insecure default parameter value, change this for production!","param":"socket.server_key"}
{"level":"warn","ts":"2022-10-06T19:36:22.245Z","caller":"server/config.go:322","msg":"WARNING: insecure default parameter value, change this for production!","param":"session.encryption_key"}
{"level":"warn","ts":"2022-10-06T19:36:22.245Z","caller":"server/config.go:326","msg":"WARNING: insecure default parameter value, change this for production!","param":"session.refresh_encryption_key"}
{"level":"warn","ts":"2022-10-06T19:36:22.245Z","caller":"server/config.go:330","msg":"WARNING: insecure default parameter value, change this for production!","param":"runtime.http_key"}
{"level":"fatal","ts":"2022-10-06T19:36:22.246Z","caller":"server/db.go:73","msg":"Error pinging database","error":"failed to connect to `host=localhost user=root database=nakama`: dial error (dial tcp [::1]:26257: connect: cannot assign requested address)"}
{"level":"warn","ts":"2022-10-06T19:39:57.391Z","caller":"server/config.go:306","msg":"WARNING: insecure default parameter value, change this for production!","param":"console.username"}
{"level":"warn","ts":"2022-10-06T19:39:57.391Z","caller":"server/config.go:310","msg":"WARNING: insecure default parameter value, change this for production!","param":"console.password"}
{"level":"warn","ts":"2022-10-06T19:39:57.392Z","caller":"server/config.go:314","msg":"WARNING: insecure default parameter value, change this for production!","param":"console.signing_key"}
{"level":"warn","ts":"2022-10-06T19:39:57.392Z","caller":"server/config.go:318","msg":"WARNING: insecure default parameter value, change this for production!","param":"socket.server_key"}
{"level":"warn","ts":"2022-10-06T19:39:57.392Z","caller":"server/config.go:322","msg":"WARNING: insecure default parameter value, change this for production!","param":"session.encryption_key"}
{"level":"warn","ts":"2022-10-06T19:39:57.392Z","caller":"server/config.go:326","msg":"WARNING: insecure default parameter value, change this for production!","param":"session.refresh_encryption_key"}
{"level":"warn","ts":"2022-10-06T19:39:57.392Z","caller":"server/config.go:330","msg":"WARNING: insecure default parameter value, change this for production!","param":"runtime.http_key"}
{"level":"fatal","ts":"2022-10-06T19:39:57.393Z","caller":"server/db.go:73","msg":"Error pinging database","error":"failed to connect to `host=localhost user=root database=nakama`: dial error (dial tcp [::1]:26257: connect: cannot assign requested address)"}
